  Containers.cpp
c:\users\olejk\desktop\myvector\myvector\myvector\containers.cpp(50): warning C4566: символ, представленный универсальным именем символа "\u00C2", невозможно представить в текущей кодовой странице (1251)
c:\users\olejk\desktop\myvector\myvector\myvector\containers.cpp(50): warning C4566: символ, представленный универсальным именем символа "\u00FB", невозможно представить в текущей кодовой странице (1251)
c:\users\olejk\desktop\myvector\myvector\myvector\containers.cpp(50): warning C4566: символ, представленный универсальным именем символа "\u00F5", невозможно представить в текущей кодовой странице (1251)
c:\users\olejk\desktop\myvector\myvector\myvector\containers.cpp(50): warning C4566: символ, представленный универсальным именем символа "\u00EE", невозможно представить в текущей кодовой странице (1251)
c:\users\olejk\desktop\myvector\myvector\myvector\containers.cpp(50): warning C4566: символ, представленный универсальным именем символа "\u00E4", невозможно представить в текущей кодовой странице (1251)
c:\users\olejk\desktop\myvector\myvector\myvector\containers.cpp(50): warning C4566: символ, представленный универсальным именем символа "\u00E7", невозможно представить в текущей кодовой странице (1251)
c:\users\olejk\desktop\myvector\myvector\myvector\containers.cpp(50): warning C4566: символ, представленный универсальным именем символа "\u00E0", невозможно представить в текущей кодовой странице (1251)
c:\users\olejk\desktop\myvector\myvector\myvector\containers.cpp(50): warning C4566: символ, представленный универсальным именем символа "\u00EF", невозможно представить в текущей кодовой странице (1251)
c:\users\olejk\desktop\myvector\myvector\myvector\containers.cpp(50): warning C4566: символ, представленный универсальным именем символа "\u00F0", невозможно представить в текущей кодовой странице (1251)
c:\users\olejk\desktop\myvector\myvector\myvector\containers.cpp(50): warning C4566: символ, представленный универсальным именем символа "\u00E5", невозможно представить в текущей кодовой странице (1251)
c:\users\olejk\desktop\myvector\myvector\myvector\containers.cpp(50): warning C4566: символ, представленный универсальным именем символа "\u00EB", невозможно представить в текущей кодовой странице (1251)
c:\users\olejk\desktop\myvector\myvector\myvector\containers.cpp(50): warning C4566: символ, представленный универсальным именем символа "\u00EC", невозможно представить в текущей кодовой странице (1251)
c:\users\olejk\desktop\myvector\myvector\myvector\containers.cpp(50): warning C4566: символ, представленный универсальным именем символа "\u00F1", невозможно представить в текущей кодовой странице (1251)
c:\users\olejk\desktop\myvector\myvector\myvector\containers.cpp(50): warning C4566: символ, представленный универсальным именем символа "\u00E8", невозможно представить в текущей кодовой странице (1251)
c:\users\olejk\desktop\myvector\myvector\myvector\containers.cpp(50): warning C4566: символ, представленный универсальным именем символа "\u00E2", невозможно представить в текущей кодовой странице (1251)
c:\users\olejk\desktop\myvector\myvector\myvector\containers.cpp(50): warning C4566: символ, представленный универсальным именем символа "\u00CF", невозможно представить в текущей кодовой странице (1251)
c:\users\olejk\desktop\myvector\myvector\myvector\containers.cpp(50): warning C4566: символ, представленный универсальным именем символа "\u00F3", невозможно представить в текущей кодовой странице (1251)
c:\users\olejk\desktop\myvector\myvector\myvector\containers.cpp(50): warning C4566: символ, представленный универсальным именем символа "\u00F7", невозможно представить в текущей кодовой странице (1251)
c:\users\olejk\desktop\myvector\myvector\myvector\containers.cpp(50): warning C4566: символ, представленный универсальным именем символа "\u00ED", невозможно представить в текущей кодовой странице (1251)
c:\users\olejk\desktop\myvector\myvector\myvector\containers.cpp(50): warning C4566: символ, представленный универсальным именем символа "\u00EA", невозможно представить в текущей кодовой странице (1251)
c:\users\olejk\desktop\myvector\myvector\myvector\containers.cpp(50): warning C4566: символ, представленный универсальным именем символа "\u00F2", невозможно представить в текущей кодовой странице (1251)
c:\users\olejk\desktop\myvector\myvector\myvector\containers.cpp(49): warning C4101: thr: неиспользованная локальная переменная
  MyVector.cpp
  Source.cpp
  Создание кода...
  MyVector.vcxproj -> C:\Users\olejk\Desktop\MyVector\MyVector\Debug\MyVector.exe
